<?xml version="1.0" encoding="UTF-8"?>
<!-- Generated by org.testng.reporters.JUnitXMLReporter -->
<testsuite hostname="994560APD034394" ignored="0" name="Test" tests="1" failures="1" timestamp="09 Sep 2019 18:06:18 GMT" time="7.43" errors="0">
  <testcase name="test1" time="7.299" classname="MavenTestProject.TestMaven.SampleTest">
    <failure type="java.lang.AssertionError" message="null">
      <![CDATA[java.lang.AssertionError: null
at MavenTestProject.TestMaven.SampleTest.test1(SampleTest.java:28)
... Removed 27 stack frames]]>
    </failure>
  </testcase> <!-- test1 -->
</testsuite> <!-- Test -->
